<?xml version="1.0" encoding="UTF-8"?>
<!-- Generated by org.testng.reporters.JUnitReportReporter -->
<testsuite hostname="DESKTOP-IM8GM8O" failures="0" tests="1" name="homePageTest.TestDMVhomePage" time="28.067" errors="0" timestamp="2023-05-22T07:31:05 CDT" skipped="0">
  <testcase classname="homePageTest.TestDMVhomePage" name="testHomePage" time="28.067"/>
  <system-out>
    <![CDATA[Proxy element for: DefaultElementLocator 'By.xpath: //span[text()='Get an auto quote']' Has been clicked<br>
[[ChromeDriver: chrome on windows (a6fd8008b8ce9ccb490fcebdfc0040c8)] -> xpath: //input[@id="FirstName"]] <<< value inserted : Md<br>
[[ChromeDriver: chrome on windows (a6fd8008b8ce9ccb490fcebdfc0040c8)] -> xpath: //input[@id="LastName"]] <<< value inserted : Alam<br>]]>
  </system-out>
</testsuite> <!-- homePageTest.TestDMVhomePage -->
