<?xml version="1.0" encoding="UTF-8"?>
<!-- Generated by org.testng.reporters.JUnitReportReporter -->
<testsuite hostname="DESKTOP-IM8GM8O" failures="0" tests="1" name="homePageTest.TestAuto" time="10.403" errors="0" timestamp="2023-05-21T21:43:17 CDT" skipped="0">
  <testcase classname="homePageTest.TestAuto" name="testHomePage" time="10.403"/>
  <system-out>
    <![CDATA[[[ChromeDriver: chrome on windows (dbd75934b97941cedf549d424889c1db)] -> xpath: //h2[text()='Get your REAL ID now!']] <<< Inner Text : Get your REAL ID now!<br>
[[ChromeDriver: chrome on windows (dbd75934b97941cedf549d424889c1db)] -> xpath: //h2[text()='Get your REAL ID now!']] Has been clicked<br>]]>
  </system-out>
</testsuite> <!-- homePageTest.TestAuto -->
